Using pre-set license
Built from '2020.3/release' branch; Version is '2020.3.1f1 (77a89f25062f) revision 7841951'; Using compiler version '192528614'; Build Type 'Release'
OS: 'Windows 10 Home; OS build 19042.1083; Version 2009; 64bit' Language: 'en' Physical Memory: 32657 MB
BatchMode: 1, IsHumanControllingUs: 0, StartBugReporterOnCrash: 0, Is64bit: 1, IsPro: 0

 COMMAND LINE ARGUMENTS:
C:\Program Files\Unity\Hub\Editor\2020.3.1f1\Editor\Unity.exe
-adb2
-batchMode
-noUpm
-name
AssetImportWorker0
-projectPath
E:/Game Design/Games/The Winding Path
-logFile
Logs/AssetImportWorker0.log
-srvPort
53858
Successfully changed project path to: E:/Game Design/Games/The Winding Path
E:/Game Design/Games/The Winding Path
Using Asset Import Pipeline V2.
Refreshing native plugins compatible for Editor in 45.81 ms, found 0 plugins.
Preloading 0 native plugins for Editor in 0.00 ms.
Initialize engine version: 2020.3.1f1 (77a89f25062f)
[Subsystems] Discovering subsystems at path C:/Program Files/Unity/Hub/Editor/2020.3.1f1/Editor/Data/Resources/UnitySubsystems
[Subsystems] Discovering subsystems at path E:/Game Design/Games/The Winding Path/Assets
GfxDevice: creating device client; threaded=0
Direct3D:
    Version:  Direct3D 11.0 [level 11.1]
    Renderer: NVIDIA GeForce RTX 3070 (ID=0x2484)
    Vendor:   
    VRAM:     8043 MB
    Driver:   27.21.14.6140
Shader 'Universal Render Pipeline/Particles/Lit': fallback shader 'Universal Render Pipeline/Particles/SimpleLit' not found
Initialize mono
Mono path[0] = 'C:/Program Files/Unity/Hub/Editor/2020.3.1f1/Editor/Data/Managed'
Mono path[1] = 'C:/Program Files/Unity/Hub/Editor/2020.3.1f1/Editor/Data/MonoBleedingEdge/lib/mono/unityjit'
Mono config path = 'C:/Program Files/Unity/Hub/Editor/2020.3.1f1/Editor/Data/MonoBleedingEdge/etc'
Using monoOptions --debugger-agent=transport=dt_socket,embedding=1,server=y,suspend=n,address=127.0.0.1:56412
Begin MonoManager ReloadAssembly
Registering precompiled unity dll's ...
Register platform support module: C:/Program Files/Unity/Hub/Editor/2020.3.1f1/Editor/Data/PlaybackEngines/WindowsStandaloneSupport/UnityEditor.WindowsStandalone.Extensions.dll
Registered in 0.001449 seconds.
Native extension for WindowsStandalone target not found
Refreshing native plugins compatible for Editor in 39.87 ms, found 0 plugins.
Preloading 0 native plugins for Editor in 0.00 ms.
Invoked RoslynAnalysisRunner static constructor.
RoslynAnalysisRunner will not be running.
RoslynAnalysisRunner has terminated.
Mono: successfully reloaded assembly
- Completed reload, in  1.249 seconds
Platform modules already initialized, skipping
Registering precompiled user dll's ...
Registered in 0.003231 seconds.
Begin MonoManager ReloadAssembly
Native extension for WindowsStandalone target not found
Refreshing native plugins compatible for Editor in 41.34 ms, found 0 plugins.
Preloading 0 native plugins for Editor in 0.00 ms.
UnityIAP: [InitializeOnLoad] Facebook Check
UnityIAP: Runtime [2020.3.1f1]
UnityIAP: Current Build is Standalone:StandaloneWindows64
UnityIAP: stub FacebookStore.dll enabled
Invoked RoslynAnalysisRunner static constructor.
RoslynAnalysisRunner will not be running.
RoslynAnalysisRunner has terminated.
Mono: successfully reloaded assembly
- Completed reload, in  0.735 seconds
Platform modules already initialized, skipping
========================================================================
Worker process is ready to serve import requests
Shader 'Universal Render Pipeline/Particles/Lit': fallback shader 'Universal Render Pipeline/Particles/SimpleLit' not found
Launched and connected shader compiler UnityShaderCompiler.exe after 0.03 seconds
Refreshing native plugins compatible for Editor in 0.55 ms, found 0 plugins.
Preloading 0 native plugins for Editor in 0.00 ms.
Unloading 2754 Unused Serialized files (Serialized files now loaded: 0)
System memory in use before: 123.6 MB.
System memory in use after: 123.8 MB.

Unloading 54 unused Assets to reduce memory usage. Loaded Objects now: 3162.
Total: 1.686300 ms (FindLiveObjects: 0.281700 ms CreateObjectMapping: 0.132100 ms MarkObjects: 1.216700 ms  DeleteObjects: 0.055200 ms)

========================================================================
Received Import Request.
  path: Assets/Scenes/GameScene.unity
  artifactKey: Guid(934dd64bfc354d941a358578487f90ad) Importer(815301076,1909f56bfc062723c751e8b465ee728b)
Start importing Assets/Scenes/GameScene.unity using Guid(934dd64bfc354d941a358578487f90ad) Importer(815301076,1909f56bfc062723c751e8b465ee728b)  -> (artifact id: '6c6d6ef0f889863e7ce7bd50273d8fc4') in 0.011839 seconds
  Import took 0.014741 seconds .

========================================================================
Received Import Request.
  Time since last request: 0.000210 seconds.
  path: Assets/Scenes
  artifactKey: Guid(4bcebd09e16291b4fb14e07f32300e83) Importer(815301076,1909f56bfc062723c751e8b465ee728b)
Start importing Assets/Scenes using Guid(4bcebd09e16291b4fb14e07f32300e83) Importer(815301076,1909f56bfc062723c751e8b465ee728b)  -> (artifact id: 'b11acd69b9bd5aab8f09040b02698446') in 0.004111 seconds
  Import took 0.006861 seconds .

========================================================================
Received Import Request.
  Time since last request: 26.644045 seconds.
  path: Assets/Scenes/MainMenuScene.unity
  artifactKey: Guid(035a67f0ef93e7449b68aa27da10f349) Importer(815301076,1909f56bfc062723c751e8b465ee728b)
Start importing Assets/Scenes/MainMenuScene.unity using Guid(035a67f0ef93e7449b68aa27da10f349) Importer(815301076,1909f56bfc062723c751e8b465ee728b)  -> (artifact id: '6346caff3fcdfbfac6d98fd06f237c32') in 0.004480 seconds
  Import took 0.007606 seconds .

========================================================================
Received Import Request.
  Time since last request: 0.003374 seconds.
  path: Assets/Scenes/MainMenuScene.unity
  artifactKey: Guid(035a67f0ef93e7449b68aa27da10f349) Importer(815301076,1909f56bfc062723c751e8b465ee728b)
Start importing Assets/Scenes/MainMenuScene.unity using Guid(035a67f0ef93e7449b68aa27da10f349) Importer(815301076,1909f56bfc062723c751e8b465ee728b)  -> (artifact id: '6346caff3fcdfbfac6d98fd06f237c32') in 0.001396 seconds
  Import took 0.004291 seconds .

========================================================================
Received Prepare
Registering precompiled user dll's ...
Registered in 0.002974 seconds.
Begin MonoManager ReloadAssembly
Native extension for WindowsStandalone target not found
Refreshing native plugins compatible for Editor in 0.62 ms, found 0 plugins.
Preloading 0 native plugins for Editor in 0.00 ms.
UnityIAP: [InitializeOnLoad] Facebook Check
UnityIAP: Runtime [2020.3.1f1]
UnityIAP: Current Build is Standalone:StandaloneWindows64
UnityIAP: stub FacebookStore.dll enabled
Invoked RoslynAnalysisRunner static constructor.
RoslynAnalysisRunner will not be running.
RoslynAnalysisRunner has terminated.
Mono: successfully reloaded assembly
- Completed reload, in  0.773 seconds
Platform modules already initialized, skipping
Shader 'Universal Render Pipeline/Particles/Lit': fallback shader 'Universal Render Pipeline/Particles/SimpleLit' not found
Refreshing native plugins compatible for Editor in 0.59 ms, found 0 plugins.
Preloading 0 native plugins for Editor in 0.00 ms.
Unloading 2653 Unused Serialized files (Serialized files now loaded: 0)
System memory in use before: 116.3 MB.
System memory in use after: 116.6 MB.

Unloading 49 unused Assets to reduce memory usage. Loaded Objects now: 3165.
Total: 1.545900 ms (FindLiveObjects: 0.218100 ms CreateObjectMapping: 0.110600 ms MarkObjects: 1.195700 ms  DeleteObjects: 0.020900 ms)

AssetImportWorkerClient::OnTransportError - code=2 error=End of file
